<?xml version="1.0" encoding="UTF-8"?>
<!-- Generated by org.testng.reporters.JUnitReportReporter -->
<testsuite hostname="Kavya" failures="0" tests="3" name="com.demoqa.testcases.AlertsTest" time="58.287" errors="0" timestamp="2023-05-15T11:12:13 IST" skipped="0">
  <testcase classname="com.demoqa.testcases.AlertsTest" name="validateAlertsFramesWindows" time="20.671"/>
  <system-out/>
  <testcase classname="com.demoqa.testcases.AlertsTest" name="validateAlerts" time="15.444"/>
  <system-out/>
  <testcase classname="com.demoqa.testcases.AlertsTest" name="validateBrowserWindow" time="22.172"/>
  <system-out/>
</testsuite> <!-- com.demoqa.testcases.AlertsTest -->
