<?xml version="1.0" encoding="UTF-8"?>
<!-- Generated by org.testng.reporters.JUnitReportReporter -->
<testsuite hostname="Kavya" failures="0" tests="3" name="com.demoqa.testcases.FormsTest" time="58.665" errors="0" timestamp="2023-05-15T11:12:13 IST" skipped="0">
  <testcase classname="com.demoqa.testcases.FormsTest" name="validateFormFilling" time="24.313"/>
  <system-out/>
  <testcase classname="com.demoqa.testcases.FormsTest" name="validateForm" time="12.513"/>
  <system-out/>
  <testcase classname="com.demoqa.testcases.FormsTest" name="validatePracticeForm" time="21.839"/>
  <system-out/>
</testsuite> <!-- com.demoqa.testcases.FormsTest -->
